  testScoreSwitch.cpp
C:\Users\tpsol\source\repos\cppPracticeProjects\testScoreSwitch\testScoreSwitch\testScoreSwitch.cpp(16,17): error C2131: expression did not evaluate to a constant
      C:\Users\tpsol\source\repos\cppPracticeProjects\testScoreSwitch\testScoreSwitch\testScoreSwitch.cpp(16,7):
      failure was caused by a read of a variable outside its lifetime
      C:\Users\tpsol\source\repos\cppPracticeProjects\testScoreSwitch\testScoreSwitch\testScoreSwitch.cpp(16,7):
      see usage of 'testScore'
  
C:\Users\tpsol\source\repos\cppPracticeProjects\testScoreSwitch\testScoreSwitch\testScoreSwitch.cpp(19,23): error C2131: expression did not evaluate to a constant
      C:\Users\tpsol\source\repos\cppPracticeProjects\testScoreSwitch\testScoreSwitch\testScoreSwitch.cpp(19,7):
      failure was caused by a read of a variable outside its lifetime
      C:\Users\tpsol\source\repos\cppPracticeProjects\testScoreSwitch\testScoreSwitch\testScoreSwitch.cpp(19,7):
      see usage of 'testScore'
  
C:\Users\tpsol\source\repos\cppPracticeProjects\testScoreSwitch\testScoreSwitch\testScoreSwitch.cpp(22,22): error C2131: expression did not evaluate to a constant
      C:\Users\tpsol\source\repos\cppPracticeProjects\testScoreSwitch\testScoreSwitch\testScoreSwitch.cpp(22,7):
      failure was caused by a read of a variable outside its lifetime
      C:\Users\tpsol\source\repos\cppPracticeProjects\testScoreSwitch\testScoreSwitch\testScoreSwitch.cpp(22,7):
      see usage of 'testScore'
  
C:\Users\tpsol\source\repos\cppPracticeProjects\testScoreSwitch\testScoreSwitch\testScoreSwitch.cpp(16,17): error C2051: case expression not constant
C:\Users\tpsol\source\repos\cppPracticeProjects\testScoreSwitch\testScoreSwitch\testScoreSwitch.cpp(19,23): error C2051: case expression not constant
C:\Users\tpsol\source\repos\cppPracticeProjects\testScoreSwitch\testScoreSwitch\testScoreSwitch.cpp(22,22): error C2051: case expression not constant
C:\Users\tpsol\source\repos\cppPracticeProjects\testScoreSwitch\testScoreSwitch\testScoreSwitch.cpp(28,2): warning C4065: switch statement contains 'default' but no 'case' labels
